<?xml version="1.0" encoding="UTF-8"?>
<!-- Generated by org.testng.reporters.JUnitXMLReporter -->
<testsuite ignored="0" hostname="Siddhartha" failures="0" tests="4" name="Test" time="9.246" errors="0" timestamp="2025-03-05T11:31:59 IST">
  <testcase classname="api.test.UserTests2" name="testPostUser" time="3.274"/>
  <testcase classname="api.test.UserTests2" name="testGetUserByName" time="1.424"/>
  <testcase classname="api.test.UserTests2" name="testUpdateUserByName" time="2.851"/>
  <testcase classname="api.test.UserTests2" name="testDeleteUSerByName" time="1.452"/>
</testsuite> <!-- Test -->
