<?xml version="1.0" encoding="UTF-8"?>
<!-- Generated by org.testng.reporters.JUnitXMLReporter -->
<testsuite ignored="0" hostname="Siddhartha" failures="0" tests="1" name="Test" time="0.075" errors="0" timestamp="2025-02-03T12:27:08 IST">
  <testcase classname="TestCases.BaseTest" name="@BeforeTest tearup" time="0.012">
    <failure type="java.lang.NullPointerException" message="Cannot invoke &amp;quot;org.openqa.selenium.WebDriver.manage()&amp;quot; because &amp;quot;driver&amp;quot; is null">
      <![CDATA[java.lang.NullPointerException: Cannot invoke "org.openqa.selenium.WebDriver.manage()" because "driver" is null
at TestCases.BaseTest.tearup(BaseTest.java:17)
... Removed 22 stack frames]]>
    </failure>
  </testcase> <!-- @BeforeTest tearup -->
  <testcase classname="TestCases.BaseTest" name="@AfterTest teardown" time="0.0">
    <skipped/>
  </testcase> <!-- @AfterTest teardown -->
  <testcase classname="TestCases.Interview" name="interview" time="0.0">
    <skipped/>
  </testcase> <!-- interview -->
</testsuite> <!-- Test -->
