<?xml version="1.0" encoding="UTF-8"?>
<!-- Generated by org.testng.reporters.JUnitXMLReporter -->
<testsuite ignored="0" hostname="Siddhartha" failures="0" tests="3" name="Test" time="33.188" errors="0" timestamp="2025-02-17T23:18:13 IST">
  <testcase classname="TestCases.NaukriEditCareerProfile" name="Login" time="0.638"/>
  <testcase classname="TestCases.NaukriEditCareerProfile" name="homepage" time="27.622"/>
  <testcase classname="TestCases.NaukriEditCareerProfile" name="logout" time="0.836"/>
</testsuite> <!-- Test -->
