<?xml version="1.0" encoding="UTF-8"?>
<!-- Generated by org.testng.reporters.JUnitXMLReporter -->
<testsuite ignored="2" hostname="Siddhartha" failures="0" tests="6" name="Test" time="49.175" errors="0" timestamp="2025-02-16T17:04:14 IST">
  <testcase classname="TestCases.NaukriEditCareerProfile" name="Login" time="0.598"/>
  <testcase classname="TestCases.NaukriEditCareerProfile" name="homepage" time="26.657"/>
  <testcase classname="TestCases.NaukriEditCareerProfile" name="logout" time="0.88"/>
  <testcase classname="TestCases.NaukriUpdateResume" name="login" time="2.05"/>
  <testcase classname="TestCases.NaukriUpdateResume" name="uploadresume" time="14.997"/>
  <testcase classname="TestCases.NaukriUpdateResume" name="logout" time="0.412"/>
  <testcase classname="TestCases.BaseTest" name="@BeforeTest baseTest" time="0.0">
    <ignored/>
  </testcase> <!-- @BeforeTest baseTest -->
  <testcase classname="TestCases.BaseTest" name="@AfterTest tearDown" time="0.0">
    <ignored/>
  </testcase> <!-- @AfterTest tearDown -->
</testsuite> <!-- Test -->
