<?xml version="1.0" encoding="UTF-8"?>
<testng-results ignored="0" total="6" passed="6" failed="0" skipped="0">
  <reporter-output>
  </reporter-output>
  <suite started-at="2026-07-05T13:16:38 IST" name="Suite" finished-at="2026-07-05T13:17:44 IST" duration-ms="66584">
    <groups>
    </groups>
    <test started-at="2026-07-05T13:16:38 IST" name="Test" finished-at="2026-07-05T13:17:44 IST" duration-ms="66584">
      <class name="TestCases.NaukriEditCareerProfile">
        <test-method is-config="true" signature="baseTest(java.lang.String)[pri:0, instance:TestCases.NaukriEditCareerProfile@5d2a86c0]" started-at="2026-07-05T13:16:38 IST" name="baseTest" finished-at="2026-07-05T13:16:46 IST" duration-ms="8307" status="PASS">
          <params>
            <param index="0">
              <value>
                <![CDATA[chrome]]>
              </value>
            </param>
          </params>
          <reporter-output>
          </reporter-output>
        </test-method> <!-- baseTest -->
        <test-method signature="Login()[pri:0, instance:TestCases.NaukriEditCareerProfile@5d2a86c0]" started-at="2026-07-05T13:16:46 IST" name="Login" finished-at="2026-07-05T13:16:47 IST" duration-ms="1097" status="PASS">
          <reporter-output>
          </reporter-output>
        </test-method> <!-- Login -->
        <test-method signature="homepage()[pri:0, instance:TestCases.NaukriEditCareerProfile@5d2a86c0]" started-at="2026-07-05T13:16:47 IST" name="homepage" finished-at="2026-07-05T13:17:20 IST" depends-on-methods="TestCases.NaukriEditCareerProfile.Login" duration-ms="32411" status="PASS">
          <reporter-output>
          </reporter-output>
        </test-method> <!-- homepage -->
        <test-method signature="logout()[pri:0, instance:TestCases.NaukriEditCareerProfile@5d2a86c0]" started-at="2026-07-05T13:17:20 IST" name="logout" finished-at="2026-07-05T13:17:21 IST" depends-on-methods="TestCases.NaukriEditCareerProfile.homepage" duration-ms="907" status="PASS">
          <reporter-output>
          </reporter-output>
        </test-method> <!-- logout -->
        <test-method is-config="true" signature="tearDown()[pri:0, instance:TestCases.NaukriEditCareerProfile@5d2a86c0]" started-at="2026-07-05T13:17:44 IST" name="tearDown" finished-at="2026-07-05T13:17:44 IST" duration-ms="483" status="PASS">
          <reporter-output>
          </reporter-output>
        </test-method> <!-- tearDown -->
      </class> <!-- TestCases.NaukriEditCareerProfile -->
      <class name="TestCases.NaukriUpdateResume">
        <test-method signature="login()[pri:0, instance:TestCases.NaukriUpdateResume@2bba35ef]" started-at="2026-07-05T13:17:21 IST" name="login" finished-at="2026-07-05T13:17:24 IST" duration-ms="3009" status="PASS">
          <reporter-output>
          </reporter-output>
        </test-method> <!-- login -->
        <test-method signature="uploadresume()[pri:0, instance:TestCases.NaukriUpdateResume@2bba35ef]" started-at="2026-07-05T13:17:24 IST" name="uploadresume" finished-at="2026-07-05T13:17:43 IST" depends-on-methods="TestCases.NaukriUpdateResume.login" duration-ms="19238" status="PASS">
          <reporter-output>
          </reporter-output>
        </test-method> <!-- uploadresume -->
        <test-method signature="logout()[pri:0, instance:TestCases.NaukriUpdateResume@2bba35ef]" started-at="2026-07-05T13:17:43 IST" name="logout" finished-at="2026-07-05T13:17:44 IST" depends-on-methods="TestCases.NaukriUpdateResume.uploadresume" duration-ms="1037" status="PASS">
          <reporter-output>
          </reporter-output>
        </test-method> <!-- logout -->
      </class> <!-- TestCases.NaukriUpdateResume -->
    </test> <!-- Test -->
  </suite> <!-- Suite -->
</testng-results>
