<?xml version="1.0" encoding="UTF-8"?>
<testsuite xmlns:xsi="http://www.w3.org/2001/XMLSchema-instance" xsi:noNamespaceSchemaLocation="https://maven.apache.org/surefire/maven-surefire-plugin/xsd/surefire-test-report.xsd" version="3.0.2" name="TestSuite" time="68.275" tests="6" errors="0" skipped="0" failures="0">
  <properties>
[...]
</properties>
  <testcase name="Login" classname="TestCases.NaukriEditCareerProfile" time="1.1">
    <system-out><![CDATA[13:16:37.455 [main] DEBUG org.testng.TestNG -- suiteXmlPath: "C:\Users\gupta\eclipse-workspace\Naukri\testng.xml"
Open a chrome browser
Title is :Jobs - Recruitment - Job Search - Employment - Job Vacancies - Naukri.com
]]></system-out>
    <system-err><![CDATA[Jul 05, 2026 1:16:41 PM org.openqa.selenium.devtools.CdpVersionFinder findNearestMatch
WARNING: Unable to find CDP implementation matching 149
Jul 05, 2026 1:16:41 PM org.openqa.selenium.chromium.ChromiumDriver lambda$new$4
WARNING: Unable to find version of CDP to use for 149.0.7827.200. You may need to include a dependency on a specific version of the CDP using something similar to `org.seleniumhq.selenium:selenium-devtools-v86:4.28.1` where the version ("v86") matches the version of the chromium-based browser you're using and the version number of the artifact is the same as Selenium's.
]]></system-err>
  </testcase>
  <testcase name="homepage" classname="TestCases.NaukriEditCareerProfile" time="32.411">
    <system-out><![CDATA[10
10
0
]]></system-out>
  </testcase>
  <testcase name="logout" classname="TestCases.NaukriEditCareerProfile" time="0.905"/>
  <testcase name="login" classname="TestCases.NaukriUpdateResume" time="3.009"/>
  <testcase name="uploadresume" classname="TestCases.NaukriUpdateResume" time="19.238"/>
  <testcase name="logout" classname="TestCases.NaukriUpdateResume" time="1.037"/>
</testsuite>