<?xml version="1.0" encoding="UTF-8"?>
<testng-results ignored="0" total="1" passed="1" failed="0" skipped="0">
  <reporter-output>
  </reporter-output>
  <suite started-at="2025-05-12T20:05:57 IST" name="Suite" finished-at="2025-05-12T20:06:26 IST" duration-ms="28861">
    <groups>
    </groups>
    <test started-at="2025-05-12T20:05:57 IST" name="Test" finished-at="2025-05-12T20:06:26 IST" duration-ms="28861">
      <class name="com.OBBE.Testcases.EPNewHire">
        <test-method is-config="true" signature="setup()[pri:0, instance:com.OBBE.Testcases.EPNewHire@33990a0c]" started-at="2025-05-12T20:05:57 IST" name="setup" finished-at="2025-05-12T20:05:59 IST" duration-ms="2006" status="PASS">
          <reporter-output>
          </reporter-output>
        </test-method> <!-- setup -->
        <test-method signature="newhire()[pri:0, instance:com.OBBE.Testcases.EPNewHire@33990a0c]" started-at="2025-05-12T20:05:59 IST" name="newhire" finished-at="2025-05-12T20:06:25 IST" duration-ms="26651" status="PASS">
          <reporter-output>
          </reporter-output>
        </test-method> <!-- newhire -->
        <test-method is-config="true" signature="teardown()[pri:0, instance:com.OBBE.Testcases.EPNewHire@33990a0c]" started-at="2025-05-12T20:06:25 IST" name="teardown" finished-at="2025-05-12T20:06:26 IST" duration-ms="181" status="PASS">
          <reporter-output>
          </reporter-output>
        </test-method> <!-- teardown -->
      </class> <!-- com.OBBE.Testcases.EPNewHire -->
    </test> <!-- Test -->
  </suite> <!-- Suite -->
</testng-results>
