<?xml version="1.0" encoding="UTF-8"?>
<testng-results ignored="0" total="3" passed="3" failed="0" skipped="0">
  <reporter-output>
  </reporter-output>
  <suite started-at="2025-02-17T23:17:39 IST" name="Suite" finished-at="2025-02-17T23:18:13 IST" duration-ms="33188">
    <groups>
    </groups>
    <test started-at="2025-02-17T23:17:39 IST" name="Test" finished-at="2025-02-17T23:18:13 IST" duration-ms="33188">
      <class name="TestCases.NaukriEditCareerProfile">
        <test-method is-config="true" signature="baseTest(java.lang.String)[pri:0, instance:TestCases.NaukriEditCareerProfile@d35dea7]" started-at="2025-02-17T23:17:39 IST" name="baseTest" finished-at="2025-02-17T23:17:43 IST" duration-ms="3885" status="PASS">
          <params>
            <param index="0">
              <value>
                <![CDATA[chrome]]>
              </value>
            </param>
          </params>
          <reporter-output>
          </reporter-output>
        </test-method> <!-- baseTest -->
        <test-method signature="Login()[pri:0, instance:TestCases.NaukriEditCareerProfile@d35dea7]" started-at="2025-02-17T23:17:43 IST" name="Login" finished-at="2025-02-17T23:17:44 IST" duration-ms="638" status="PASS">
          <reporter-output>
          </reporter-output>
        </test-method> <!-- Login -->
        <test-method signature="homepage()[pri:0, instance:TestCases.NaukriEditCareerProfile@d35dea7]" started-at="2025-02-17T23:17:44 IST" name="homepage" finished-at="2025-02-17T23:18:12 IST" depends-on-methods="TestCases.NaukriEditCareerProfile.Login" duration-ms="27622" status="PASS">
          <reporter-output>
          </reporter-output>
        </test-method> <!-- homepage -->
        <test-method signature="logout()[pri:0, instance:TestCases.NaukriEditCareerProfile@d35dea7]" started-at="2025-02-17T23:18:12 IST" name="logout" finished-at="2025-02-17T23:18:12 IST" depends-on-methods="TestCases.NaukriEditCareerProfile.homepage" duration-ms="836" status="PASS">
          <reporter-output>
          </reporter-output>
        </test-method> <!-- logout -->
        <test-method is-config="true" signature="tearDown()[pri:0, instance:TestCases.NaukriEditCareerProfile@d35dea7]" started-at="2025-02-17T23:18:12 IST" name="tearDown" finished-at="2025-02-17T23:18:13 IST" duration-ms="176" status="PASS">
          <reporter-output>
          </reporter-output>
        </test-method> <!-- tearDown -->
      </class> <!-- TestCases.NaukriEditCareerProfile -->
    </test> <!-- Test -->
  </suite> <!-- Suite -->
</testng-results>
