<?xml version="1.0" encoding="UTF-8"?>
<!-- Generated by org.testng.reporters.JUnitReportReporter -->
<testsuite hostname="Siddhartha" failures="0" tests="3" name="TestCases.NaukriUpdateResume" time="23.284" errors="0" timestamp="2026-07-05T13:17:45 IST" skipped="0">
  <testcase classname="TestCases.NaukriUpdateResume" name="uploadresume" time="19.238"/>
  <testcase classname="TestCases.NaukriUpdateResume" name="logout" time="1.037"/>
  <testcase classname="TestCases.NaukriUpdateResume" name="login" time="3.009"/>
</testsuite> <!-- TestCases.NaukriUpdateResume -->
